{"F:\\all downloads from xtn2k21 JULY 20 2025\\relationship backup\\agent.minimax.io created app\\FILIPINO BUDGET TRACKER APP\\app.js": {"path":"F:\\all downloads from xtn2k21 JULY 20 2025\\relationship backup\\agent.minimax.io created app\\FILIPINO BUDGET TRACKER APP\\app.js","statementMap":{"0":{"start":{"line":4,"column":26},"end":{"line":4,"column":53}},"1":{"start":{"line":9,"column":13},"end":{"line":15,"column":1}},"2":{"start":{"line":12,"column":8},"end":{"line":12,"column":52}},"3":{"start":{"line":12,"column":39},"end":{"line":12,"column":52}},"4":{"start":{"line":13,"column":8},"end":{"line":13,"column":69}},"5":{"start":{"line":17,"column":14},"end":{"line":21,"column":1}},"6":{"start":{"line":19,"column":16},"end":{"line":19,"column":57}},"7":{"start":{"line":20,"column":21},"end":{"line":20,"column":62}},"8":{"start":{"line":23,"column":18},"end":{"line":27,"column":1}},"9":{"start":{"line":24,"column":23},"end":{"line":24,"column":123}},"10":{"start":{"line":25,"column":20},"end":{"line":25,"column":73}},"11":{"start":{"line":26,"column":26},"end":{"line":26,"column":107}},"12":{"start":{"line":29,"column":21},"end":{"line":51,"column":1}},"13":{"start":{"line":32,"column":8},"end":{"line":32,"column":31}},"14":{"start":{"line":32,"column":32},"end":{"line":32,"column":57}},"15":{"start":{"line":33,"column":27},"end":{"line":33,"column":65}},"16":{"start":{"line":34,"column":26},"end":{"line":34,"column":63}},"17":{"start":{"line":35,"column":26},"end":{"line":35,"column":63}},"18":{"start":{"line":36,"column":28},"end":{"line":36,"column":67}},"19":{"start":{"line":37,"column":22},"end":{"line":37,"column":64}},"20":{"start":{"line":39,"column":8},"end":{"line":39,"column":55}},"21":{"start":{"line":39,"column":24},"end":{"line":39,"column":55}},"22":{"start":{"line":40,"column":8},"end":{"line":40,"column":52}},"23":{"start":{"line":40,"column":23},"end":{"line":40,"column":52}},"24":{"start":{"line":41,"column":8},"end":{"line":41,"column":80}},"25":{"start":{"line":41,"column":23},"end":{"line":41,"column":80}},"26":{"start":{"line":42,"column":8},"end":{"line":42,"column":48}},"27":{"start":{"line":42,"column":25},"end":{"line":42,"column":48}},"28":{"start":{"line":43,"column":8},"end":{"line":43,"column":48}},"29":{"start":{"line":43,"column":19},"end":{"line":43,"column":48}},"30":{"start":{"line":46,"column":22},"end":{"line":46,"column":64}},"31":{"start":{"line":47,"column":8},"end":{"line":47,"column":48}},"32":{"start":{"line":47,"column":19},"end":{"line":47,"column":48}},"33":{"start":{"line":48,"column":8},"end":{"line":48,"column":31}},"34":{"start":{"line":49,"column":8},"end":{"line":49,"column":32}},"35":{"start":{"line":56,"column":11},"end":{"line":56,"column":13}},"36":{"start":{"line":59,"column":0},"end":{"line":72,"column":1}},"37":{"start":{"line":60,"column":2},"end":{"line":64,"column":4}},"38":{"start":{"line":67,"column":2},"end":{"line":71,"column":4}},"39":{"start":{"line":74,"column":15},"end":{"line":74,"column":207}},"40":{"start":{"line":75,"column":21},"end":{"line":75,"column":25}},"41":{"start":{"line":78,"column":4},"end":{"line":78,"column":48}},"42":{"start":{"line":78,"column":41},"end":{"line":78,"column":48}},"43":{"start":{"line":80,"column":4},"end":{"line":80,"column":27}},"44":{"start":{"line":81,"column":24},"end":{"line":81,"column":63}},"45":{"start":{"line":82,"column":4},"end":{"line":82,"column":54}},"46":{"start":{"line":82,"column":21},"end":{"line":82,"column":54}},"47":{"start":{"line":84,"column":4},"end":{"line":84,"column":117}},"48":{"start":{"line":84,"column":66},"end":{"line":84,"column":115}},"49":{"start":{"line":85,"column":4},"end":{"line":85,"column":64}},"50":{"start":{"line":85,"column":29},"end":{"line":85,"column":40}},"51":{"start":{"line":85,"column":50},"end":{"line":85,"column":62}},"52":{"start":{"line":86,"column":4},"end":{"line":86,"column":26}},"53":{"start":{"line":87,"column":19},"end":{"line":87,"column":52}},"54":{"start":{"line":88,"column":4},"end":{"line":88,"column":46}},"55":{"start":{"line":88,"column":16},"end":{"line":88,"column":46}},"56":{"start":{"line":92,"column":4},"end":{"line":92,"column":48}},"57":{"start":{"line":92,"column":41},"end":{"line":92,"column":48}},"58":{"start":{"line":94,"column":24},"end":{"line":94,"column":67}},"59":{"start":{"line":95,"column":4},"end":{"line":97,"column":5}},"60":{"start":{"line":96,"column":8},"end":{"line":96,"column":64}},"61":{"start":{"line":96,"column":36},"end":{"line":96,"column":63}},"62":{"start":{"line":99,"column":4},"end":{"line":99,"column":112}},"63":{"start":{"line":99,"column":48},"end":{"line":99,"column":108}},"64":{"start":{"line":99,"column":80},"end":{"line":99,"column":108}},"65":{"start":{"line":102,"column":22},"end":{"line":102,"column":59}},"66":{"start":{"line":103,"column":4},"end":{"line":124,"column":5}},"67":{"start":{"line":104,"column":8},"end":{"line":123,"column":11}},"68":{"start":{"line":105,"column":12},"end":{"line":105,"column":31}},"69":{"start":{"line":106,"column":24},"end":{"line":106,"column":81}},"70":{"start":{"line":107,"column":12},"end":{"line":107,"column":66}},"71":{"start":{"line":107,"column":26},"end":{"line":107,"column":66}},"72":{"start":{"line":109,"column":12},"end":{"line":121,"column":13}},"73":{"start":{"line":110,"column":16},"end":{"line":110,"column":118}},"74":{"start":{"line":111,"column":16},"end":{"line":114,"column":46}},"75":{"start":{"line":112,"column":20},"end":{"line":112,"column":41}},"76":{"start":{"line":114,"column":25},"end":{"line":114,"column":44}},"77":{"start":{"line":115,"column":19},"end":{"line":121,"column":13}},"78":{"start":{"line":116,"column":16},"end":{"line":116,"column":120}},"79":{"start":{"line":117,"column":16},"end":{"line":120,"column":46}},"80":{"start":{"line":118,"column":20},"end":{"line":118,"column":41}},"81":{"start":{"line":120,"column":25},"end":{"line":120,"column":44}},"82":{"start":{"line":122,"column":12},"end":{"line":122,"column":23}},"83":{"start":{"line":122,"column":24},"end":{"line":122,"column":45}},"84":{"start":{"line":127,"column":15},"end":{"line":127,"column":51}},"85":{"start":{"line":128,"column":4},"end":{"line":132,"column":5}},"86":{"start":{"line":129,"column":8},"end":{"line":129,"column":89}},"87":{"start":{"line":129,"column":31},"end":{"line":129,"column":50}},"88":{"start":{"line":129,"column":51},"end":{"line":129,"column":86}},"89":{"start":{"line":130,"column":8},"end":{"line":130,"column":69}},"90":{"start":{"line":130,"column":31},"end":{"line":130,"column":68}},"91":{"start":{"line":131,"column":8},"end":{"line":131,"column":169}},"92":{"start":{"line":131,"column":27},"end":{"line":131,"column":46}},"93":{"start":{"line":131,"column":47},"end":{"line":131,"column":85}},"94":{"start":{"line":131,"column":86},"end":{"line":131,"column":166}},"95":{"start":{"line":131,"column":114},"end":{"line":131,"column":166}},"96":{"start":{"line":137,"column":19},"end":{"line":137,"column":52}},"97":{"start":{"line":138,"column":4},"end":{"line":138,"column":46}},"98":{"start":{"line":138,"column":16},"end":{"line":138,"column":46}},"99":{"start":{"line":140,"column":4},"end":{"line":140,"column":51}},"100":{"start":{"line":141,"column":4},"end":{"line":141,"column":61}},"101":{"start":{"line":143,"column":4},"end":{"line":143,"column":33}},"102":{"start":{"line":144,"column":4},"end":{"line":147,"column":12}},"103":{"start":{"line":145,"column":8},"end":{"line":145,"column":20}},"104":{"start":{"line":146,"column":8},"end":{"line":146,"column":50}},"105":{"start":{"line":146,"column":20},"end":{"line":146,"column":50}},"106":{"start":{"line":151,"column":4},"end":{"line":151,"column":22}},"107":{"start":{"line":151,"column":23},"end":{"line":151,"column":44}},"108":{"start":{"line":151,"column":45},"end":{"line":151,"column":59}},"109":{"start":{"line":151,"column":60},"end":{"line":151,"column":74}},"110":{"start":{"line":151,"column":75},"end":{"line":151,"column":92}},"111":{"start":{"line":152,"column":24},"end":{"line":152,"column":63}},"112":{"start":{"line":153,"column":4},"end":{"line":153,"column":83}},"113":{"start":{"line":153,"column":21},"end":{"line":153,"column":83}},"114":{"start":{"line":158,"column":4},"end":{"line":158,"column":48}},"115":{"start":{"line":158,"column":41},"end":{"line":158,"column":48}},"116":{"start":{"line":160,"column":21},"end":{"line":160,"column":89}},"117":{"start":{"line":161,"column":14},"end":{"line":161,"column":15}},"118":{"start":{"line":161,"column":23},"end":{"line":161,"column":24}},"119":{"start":{"line":161,"column":33},"end":{"line":161,"column":35}},"120":{"start":{"line":162,"column":4},"end":{"line":167,"column":7}},"121":{"start":{"line":163,"column":8},"end":{"line":166,"column":9}},"122":{"start":{"line":164,"column":12},"end":{"line":165,"column":115}},"123":{"start":{"line":164,"column":36},"end":{"line":164,"column":67}},"124":{"start":{"line":165,"column":19},"end":{"line":165,"column":50}},"125":{"start":{"line":165,"column":51},"end":{"line":165,"column":113}},"126":{"start":{"line":169,"column":24},"end":{"line":169,"column":63}},"127":{"start":{"line":170,"column":25},"end":{"line":170,"column":65}},"128":{"start":{"line":171,"column":22},"end":{"line":171,"column":59}},"129":{"start":{"line":172,"column":25},"end":{"line":172,"column":65}},"130":{"start":{"line":173,"column":25},"end":{"line":173,"column":65}},"131":{"start":{"line":174,"column":23},"end":{"line":174,"column":66}},"132":{"start":{"line":176,"column":4},"end":{"line":176,"column":71}},"133":{"start":{"line":176,"column":21},"end":{"line":176,"column":71}},"134":{"start":{"line":177,"column":4},"end":{"line":177,"column":73}},"135":{"start":{"line":177,"column":22},"end":{"line":177,"column":73}},"136":{"start":{"line":178,"column":4},"end":{"line":178,"column":139}},"137":{"start":{"line":178,"column":19},"end":{"line":178,"column":139}},"138":{"start":{"line":178,"column":87},"end":{"line":178,"column":134}},"139":{"start":{"line":179,"column":4},"end":{"line":179,"column":119}},"140":{"start":{"line":179,"column":22},"end":{"line":179,"column":119}},"141":{"start":{"line":179,"column":93},"end":{"line":179,"column":114}},"142":{"start":{"line":181,"column":16},"end":{"line":181,"column":40}},"143":{"start":{"line":182,"column":4},"end":{"line":185,"column":5}},"144":{"start":{"line":183,"column":8},"end":{"line":183,"column":103}},"145":{"start":{"line":184,"column":8},"end":{"line":184,"column":156}},"146":{"start":{"line":186,"column":4},"end":{"line":186,"column":97}},"147":{"start":{"line":186,"column":20},"end":{"line":186,"column":97}},"148":{"start":{"line":188,"column":4},"end":{"line":188,"column":25}},"149":{"start":{"line":189,"column":4},"end":{"line":189,"column":22}},"150":{"start":{"line":193,"column":0},"end":{"line":213,"column":1}},"151":{"start":{"line":194,"column":28},"end":{"line":194,"column":71}},"152":{"start":{"line":195,"column":4},"end":{"line":212,"column":5}},"153":{"start":{"line":196,"column":8},"end":{"line":211,"column":11}},"154":{"start":{"line":197,"column":12},"end":{"line":197,"column":31}},"155":{"start":{"line":198,"column":25},"end":{"line":198,"column":68}},"156":{"start":{"line":199,"column":12},"end":{"line":207,"column":15}},"157":{"start":{"line":208,"column":12},"end":{"line":208,"column":63}},"158":{"start":{"line":209,"column":12},"end":{"line":209,"column":23}},"159":{"start":{"line":210,"column":12},"end":{"line":210,"column":29}},"160":{"start":{"line":216,"column":4},"end":{"line":216,"column":48}},"161":{"start":{"line":216,"column":41},"end":{"line":216,"column":48}},"162":{"start":{"line":218,"column":18},"end":{"line":218,"column":61}},"163":{"start":{"line":219,"column":4},"end":{"line":219,"column":23}},"164":{"start":{"line":219,"column":16},"end":{"line":219,"column":23}},"165":{"start":{"line":221,"column":4},"end":{"line":221,"column":25}},"166":{"start":{"line":222,"column":17},"end":{"line":222,"column":123}},"167":{"start":{"line":223,"column":18},"end":{"line":223,"column":108}},"168":{"start":{"line":225,"column":4},"end":{"line":231,"column":7}},"169":{"start":{"line":225,"column":34},"end":{"line":225,"column":146}},"170":{"start":{"line":227,"column":8},"end":{"line":230,"column":110}},"171":{"start":{"line":235,"column":0},"end":{"line":267,"column":1}},"172":{"start":{"line":236,"column":21},"end":{"line":236,"column":57}},"173":{"start":{"line":237,"column":4},"end":{"line":251,"column":5}},"174":{"start":{"line":238,"column":8},"end":{"line":250,"column":11}},"175":{"start":{"line":239,"column":12},"end":{"line":239,"column":31}},"176":{"start":{"line":240,"column":12},"end":{"line":249,"column":13}},"177":{"start":{"line":241,"column":16},"end":{"line":245,"column":19}},"178":{"start":{"line":246,"column":16},"end":{"line":246,"column":35}},"179":{"start":{"line":247,"column":16},"end":{"line":247,"column":27}},"180":{"start":{"line":248,"column":16},"end":{"line":248,"column":33}},"181":{"start":{"line":253,"column":21},"end":{"line":253,"column":57}},"182":{"start":{"line":254,"column":4},"end":{"line":266,"column":5}},"183":{"start":{"line":255,"column":8},"end":{"line":265,"column":11}},"184":{"start":{"line":256,"column":12},"end":{"line":256,"column":31}},"185":{"start":{"line":257,"column":12},"end":{"line":261,"column":15}},"186":{"start":{"line":262,"column":12},"end":{"line":262,"column":31}},"187":{"start":{"line":263,"column":12},"end":{"line":263,"column":23}},"188":{"start":{"line":264,"column":12},"end":{"line":264,"column":29}},"189":{"start":{"line":270,"column":4},"end":{"line":270,"column":48}},"190":{"start":{"line":270,"column":41},"end":{"line":270,"column":48}},"191":{"start":{"line":272,"column":21},"end":{"line":272,"column":57}},"192":{"start":{"line":273,"column":4},"end":{"line":273,"column":26}},"193":{"start":{"line":273,"column":19},"end":{"line":273,"column":26}},"194":{"start":{"line":275,"column":4},"end":{"line":280,"column":16}},"195":{"start":{"line":276,"column":21},"end":{"line":276,"column":54}},"196":{"start":{"line":277,"column":8},"end":{"line":279,"column":92}},"197":{"start":{"line":284,"column":4},"end":{"line":284,"column":48}},"198":{"start":{"line":284,"column":41},"end":{"line":284,"column":48}},"199":{"start":{"line":286,"column":21},"end":{"line":286,"column":57}},"200":{"start":{"line":287,"column":4},"end":{"line":287,"column":26}},"201":{"start":{"line":287,"column":19},"end":{"line":287,"column":26}},"202":{"start":{"line":289,"column":4},"end":{"line":293,"column":15}},"203":{"start":{"line":290,"column":8},"end":{"line":292,"column":72}},"204":{"start":{"line":298,"column":4},"end":{"line":303,"column":5}},"205":{"start":{"line":299,"column":8},"end":{"line":301,"column":37}},"206":{"start":{"line":299,"column":34},"end":{"line":299,"column":93}},"207":{"start":{"line":299,"column":82},"end":{"line":299,"column":91}},"208":{"start":{"line":300,"column":13},"end":{"line":301,"column":37}},"209":{"start":{"line":300,"column":32},"end":{"line":300,"column":56}},"210":{"start":{"line":301,"column":13},"end":{"line":301,"column":37}},"211":{"start":{"line":302,"column":8},"end":{"line":302,"column":19}},"212":{"start":{"line":308,"column":4},"end":{"line":308,"column":17}},"213":{"start":{"line":324,"column":24},"end":{"line":324,"column":63}},"214":{"start":{"line":325,"column":4},"end":{"line":328,"column":5}},"215":{"start":{"line":326,"column":8},"end":{"line":326,"column":41}},"216":{"start":{"line":327,"column":8},"end":{"line":327,"column":19}},"217":{"start":{"line":332,"column":4},"end":{"line":335,"column":5}},"218":{"start":{"line":333,"column":22},"end":{"line":333,"column":55}},"219":{"start":{"line":334,"column":8},"end":{"line":334,"column":35}},"220":{"start":{"line":339,"column":4},"end":{"line":339,"column":48}},"221":{"start":{"line":339,"column":41},"end":{"line":339,"column":48}},"222":{"start":{"line":340,"column":4},"end":{"line":340,"column":58}},"223":{"start":{"line":341,"column":24},"end":{"line":341,"column":63}},"224":{"start":{"line":342,"column":4},"end":{"line":342,"column":69}},"225":{"start":{"line":342,"column":21},"end":{"line":342,"column":69}},"226":{"start":{"line":346,"column":4},"end":{"line":346,"column":48}},"227":{"start":{"line":346,"column":41},"end":{"line":346,"column":48}},"228":{"start":{"line":347,"column":4},"end":{"line":347,"column":77}},"229":{"start":{"line":347,"column":53},"end":{"line":347,"column":75}},"230":{"start":{"line":348,"column":20},"end":{"line":348,"column":47}},"231":{"start":{"line":349,"column":4},"end":{"line":349,"column":47}},"232":{"start":{"line":349,"column":17},"end":{"line":349,"column":47}},"233":{"start":{"line":350,"column":4},"end":{"line":350,"column":85}},"234":{"start":{"line":350,"column":55},"end":{"line":350,"column":83}},"235":{"start":{"line":351,"column":22},"end":{"line":351,"column":56}},"236":{"start":{"line":352,"column":4},"end":{"line":352,"column":53}},"237":{"start":{"line":352,"column":19},"end":{"line":352,"column":53}},"238":{"start":{"line":356,"column":0},"end":{"line":358,"column":1}},"239":{"start":{"line":357,"column":2},"end":{"line":357,"column":9}},"240":{"start":{"line":363,"column":0},"end":{"line":387,"column":1}},"241":{"start":{"line":364,"column":2},"end":{"line":386,"column":4}}},"fnMap":{"0":{"name":"(anonymous_0)","decl":{"start":{"line":11,"column":4},"end":{"line":11,"column":5}},"loc":{"start":{"line":11,"column":20},"end":{"line":14,"column":5}},"line":11},"1":{"name":"(anonymous_1)","decl":{"start":{"line":19,"column":4},"end":{"line":19,"column":5}},"loc":{"start":{"line":19,"column":14},"end":{"line":19,"column":59}},"line":19},"2":{"name":"(anonymous_2)","decl":{"start":{"line":20,"column":4},"end":{"line":20,"column":5}},"loc":{"start":{"line":20,"column":19},"end":{"line":20,"column":64}},"line":20},"3":{"name":"(anonymous_3)","decl":{"start":{"line":24,"column":4},"end":{"line":24,"column":5}},"loc":{"start":{"line":24,"column":21},"end":{"line":24,"column":125}},"line":24},"4":{"name":"(anonymous_4)","decl":{"start":{"line":25,"column":4},"end":{"line":25,"column":5}},"loc":{"start":{"line":25,"column":18},"end":{"line":25,"column":75}},"line":25},"5":{"name":"(anonymous_5)","decl":{"start":{"line":26,"column":4},"end":{"line":26,"column":5}},"loc":{"start":{"line":26,"column":24},"end":{"line":26,"column":109}},"line":26},"6":{"name":"(anonymous_6)","decl":{"start":{"line":31,"column":4},"end":{"line":31,"column":5}},"loc":{"start":{"line":31,"column":35},"end":{"line":44,"column":5}},"line":31},"7":{"name":"(anonymous_7)","decl":{"start":{"line":45,"column":4},"end":{"line":45,"column":5}},"loc":{"start":{"line":45,"column":12},"end":{"line":50,"column":5}},"line":45},"8":{"name":"init","decl":{"start":{"line":77,"column":9},"end":{"line":77,"column":13}},"loc":{"start":{"line":77,"column":16},"end":{"line":89,"column":1}},"line":77},"9":{"name":"(anonymous_9)","decl":{"start":{"line":84,"column":60},"end":{"line":84,"column":61}},"loc":{"start":{"line":84,"column":66},"end":{"line":84,"column":115}},"line":84},"10":{"name":"setupEventListeners","decl":{"start":{"line":91,"column":9},"end":{"line":91,"column":28}},"loc":{"start":{"line":91,"column":31},"end":{"line":133,"column":1}},"line":91},"11":{"name":"(anonymous_11)","decl":{"start":{"line":96,"column":30},"end":{"line":96,"column":31}},"loc":{"start":{"line":96,"column":36},"end":{"line":96,"column":63}},"line":96},"12":{"name":"(anonymous_12)","decl":{"start":{"line":99,"column":41},"end":{"line":99,"column":42}},"loc":{"start":{"line":99,"column":46},"end":{"line":99,"column":110}},"line":99},"13":{"name":"(anonymous_13)","decl":{"start":{"line":104,"column":45},"end":{"line":104,"column":46}},"loc":{"start":{"line":104,"column":50},"end":{"line":123,"column":9}},"line":104},"14":{"name":"(anonymous_14)","decl":{"start":{"line":129,"column":24},"end":{"line":129,"column":25}},"loc":{"start":{"line":129,"column":29},"end":{"line":129,"column":88}},"line":129},"15":{"name":"(anonymous_15)","decl":{"start":{"line":130,"column":25},"end":{"line":130,"column":26}},"loc":{"start":{"line":130,"column":31},"end":{"line":130,"column":68}},"line":130},"16":{"name":"(anonymous_16)","decl":{"start":{"line":131,"column":20},"end":{"line":131,"column":21}},"loc":{"start":{"line":131,"column":25},"end":{"line":131,"column":168}},"line":131},"17":{"name":"saveData","decl":{"start":{"line":136,"column":9},"end":{"line":136,"column":17}},"loc":{"start":{"line":136,"column":20},"end":{"line":148,"column":1}},"line":136},"18":{"name":"(anonymous_18)","decl":{"start":{"line":144,"column":32},"end":{"line":144,"column":33}},"loc":{"start":{"line":144,"column":38},"end":{"line":147,"column":5}},"line":144},"19":{"name":"updateAll","decl":{"start":{"line":150,"column":9},"end":{"line":150,"column":18}},"loc":{"start":{"line":150,"column":21},"end":{"line":154,"column":1}},"line":150},"20":{"name":"updateDashboard","decl":{"start":{"line":157,"column":9},"end":{"line":157,"column":24}},"loc":{"start":{"line":157,"column":27},"end":{"line":190,"column":1}},"line":157},"21":{"name":"(anonymous_21)","decl":{"start":{"line":162,"column":30},"end":{"line":162,"column":31}},"loc":{"start":{"line":162,"column":35},"end":{"line":167,"column":5}},"line":162},"22":{"name":"(anonymous_22)","decl":{"start":{"line":178,"column":80},"end":{"line":178,"column":81}},"loc":{"start":{"line":178,"column":87},"end":{"line":178,"column":134}},"line":178},"23":{"name":"(anonymous_23)","decl":{"start":{"line":179,"column":86},"end":{"line":179,"column":87}},"loc":{"start":{"line":179,"column":93},"end":{"line":179,"column":114}},"line":179},"24":{"name":"(anonymous_24)","decl":{"start":{"line":196,"column":51},"end":{"line":196,"column":52}},"loc":{"start":{"line":196,"column":56},"end":{"line":211,"column":9}},"line":196},"25":{"name":"updateTransactions","decl":{"start":{"line":215,"column":9},"end":{"line":215,"column":27}},"loc":{"start":{"line":215,"column":30},"end":{"line":232,"column":1}},"line":215},"26":{"name":"(anonymous_26)","decl":{"start":{"line":225,"column":29},"end":{"line":225,"column":30}},"loc":{"start":{"line":225,"column":34},"end":{"line":225,"column":146}},"line":225},"27":{"name":"(anonymous_27)","decl":{"start":{"line":226,"column":47},"end":{"line":226,"column":48}},"loc":{"start":{"line":226,"column":52},"end":{"line":231,"column":5}},"line":226},"28":{"name":"(anonymous_28)","decl":{"start":{"line":238,"column":44},"end":{"line":238,"column":45}},"loc":{"start":{"line":238,"column":49},"end":{"line":250,"column":9}},"line":238},"29":{"name":"(anonymous_29)","decl":{"start":{"line":255,"column":44},"end":{"line":255,"column":45}},"loc":{"start":{"line":255,"column":49},"end":{"line":265,"column":9}},"line":255},"30":{"name":"updateDebts","decl":{"start":{"line":269,"column":9},"end":{"line":269,"column":20}},"loc":{"start":{"line":269,"column":23},"end":{"line":281,"column":1}},"line":269},"31":{"name":"(anonymous_31)","decl":{"start":{"line":275,"column":40},"end":{"line":275,"column":41}},"loc":{"start":{"line":275,"column":49},"end":{"line":280,"column":5}},"line":275},"32":{"name":"updateGoals","decl":{"start":{"line":283,"column":9},"end":{"line":283,"column":20}},"loc":{"start":{"line":283,"column":23},"end":{"line":294,"column":1}},"line":283},"33":{"name":"(anonymous_33)","decl":{"start":{"line":289,"column":40},"end":{"line":289,"column":41}},"loc":{"start":{"line":290,"column":8},"end":{"line":292,"column":72}},"line":290},"34":{"name":"deleteItem","decl":{"start":{"line":297,"column":9},"end":{"line":297,"column":19}},"loc":{"start":{"line":297,"column":30},"end":{"line":304,"column":1}},"line":297},"35":{"name":"(anonymous_35)","decl":{"start":{"line":299,"column":79},"end":{"line":299,"column":80}},"loc":{"start":{"line":299,"column":82},"end":{"line":299,"column":91}},"line":299},"36":{"name":"processRecurring","decl":{"start":{"line":306,"column":9},"end":{"line":306,"column":25}},"loc":{"start":{"line":306,"column":28},"end":{"line":309,"column":1}},"line":306},"37":{"name":"drawChart","decl":{"start":{"line":311,"column":9},"end":{"line":311,"column":18}},"loc":{"start":{"line":311,"column":36},"end":{"line":313,"column":1}},"line":311},"38":{"name":"checkAlerts","decl":{"start":{"line":315,"column":9},"end":{"line":315,"column":20}},"loc":{"start":{"line":315,"column":31},"end":{"line":317,"column":1}},"line":315},"39":{"name":"updateSettings","decl":{"start":{"line":319,"column":9},"end":{"line":319,"column":23}},"loc":{"start":{"line":319,"column":26},"end":{"line":321,"column":1}},"line":319},"40":{"name":"toggleSound","decl":{"start":{"line":323,"column":9},"end":{"line":323,"column":20}},"loc":{"start":{"line":323,"column":23},"end":{"line":329,"column":1}},"line":323},"41":{"name":"playSound","decl":{"start":{"line":331,"column":9},"end":{"line":331,"column":18}},"loc":{"start":{"line":331,"column":22},"end":{"line":336,"column":1}},"line":331},"42":{"name":"(anonymous_42)","decl":{"start":{"line":334,"column":27},"end":{"line":334,"column":28}},"loc":{"start":{"line":334,"column":31},"end":{"line":334,"column":33}},"line":334},"43":{"name":"applyTheme","decl":{"start":{"line":338,"column":9},"end":{"line":338,"column":19}},"loc":{"start":{"line":338,"column":23},"end":{"line":343,"column":1}},"line":338},"44":{"name":"showSection","decl":{"start":{"line":345,"column":9},"end":{"line":345,"column":20}},"loc":{"start":{"line":345,"column":25},"end":{"line":353,"column":1}},"line":345},"45":{"name":"(anonymous_45)","decl":{"start":{"line":347,"column":50},"end":{"line":347,"column":51}},"loc":{"start":{"line":347,"column":53},"end":{"line":347,"column":75}},"line":347},"46":{"name":"(anonymous_46)","decl":{"start":{"line":350,"column":52},"end":{"line":350,"column":53}},"loc":{"start":{"line":350,"column":55},"end":{"line":350,"column":83}},"line":350}},"branchMap":{"0":{"loc":{"start":{"line":12,"column":8},"end":{"line":12,"column":52}},"type":"if","locations":[{"start":{"line":12,"column":8},"end":{"line":12,"column":52}},{"start":{},"end":{}}],"line":12},"1":{"loc":{"start":{"line":26,"column":33},"end":{"line":26,"column":106}},"type":"cond-expr","locations":[{"start":{"line":26,"column":47},"end":{"line":26,"column":51}},{"start":{"line":26,"column":54},"end":{"line":26,"column":106}}],"line":26},"2":{"loc":{"start":{"line":39,"column":8},"end":{"line":39,"column":55}},"type":"if","locations":[{"start":{"line":39,"column":8},"end":{"line":39,"column":55}},{"start":{},"end":{}}],"line":39},"3":{"loc":{"start":{"line":40,"column":8},"end":{"line":40,"column":52}},"type":"if","locations":[{"start":{"line":40,"column":8},"end":{"line":40,"column":52}},{"start":{},"end":{}}],"line":40},"4":{"loc":{"start":{"line":41,"column":8},"end":{"line":41,"column":80}},"type":"if","locations":[{"start":{"line":41,"column":8},"end":{"line":41,"column":80}},{"start":{},"end":{}}],"line":41},"5":{"loc":{"start":{"line":42,"column":8},"end":{"line":42,"column":48}},"type":"if","locations":[{"start":{"line":42,"column":8},"end":{"line":42,"column":48}},{"start":{},"end":{}}],"line":42},"6":{"loc":{"start":{"line":43,"column":8},"end":{"line":43,"column":48}},"type":"if","locations":[{"start":{"line":43,"column":8},"end":{"line":43,"column":48}},{"start":{},"end":{}}],"line":43},"7":{"loc":{"start":{"line":47,"column":8},"end":{"line":47,"column":48}},"type":"if","locations":[{"start":{"line":47,"column":8},"end":{"line":47,"column":48}},{"start":{},"end":{}}],"line":47},"8":{"loc":{"start":{"line":59,"column":0},"end":{"line":72,"column":1}},"type":"if","locations":[{"start":{"line":59,"column":0},"end":{"line":72,"column":1}},{"start":{"line":65,"column":7},"end":{"line":72,"column":1}}],"line":59},"9":{"loc":{"start":{"line":60,"column":9},"end":{"line":64,"column":3}},"type":"binary-expr","locations":[{"start":{"line":60,"column":9},"end":{"line":60,"column":55}},{"start":{"line":60,"column":59},"end":{"line":64,"column":3}}],"line":60},"10":{"loc":{"start":{"line":78,"column":4},"end":{"line":78,"column":48}},"type":"if","locations":[{"start":{"line":78,"column":4},"end":{"line":78,"column":48}},{"start":{},"end":{}}],"line":78},"11":{"loc":{"start":{"line":82,"column":4},"end":{"line":82,"column":54}},"type":"if","locations":[{"start":{"line":82,"column":4},"end":{"line":82,"column":54}},{"start":{},"end":{}}],"line":82},"12":{"loc":{"start":{"line":85,"column":4},"end":{"line":85,"column":64}},"type":"if","locations":[{"start":{"line":85,"column":4},"end":{"line":85,"column":64}},{"start":{"line":85,"column":48},"end":{"line":85,"column":64}}],"line":85},"13":{"loc":{"start":{"line":88,"column":4},"end":{"line":88,"column":46}},"type":"if","locations":[{"start":{"line":88,"column":4},"end":{"line":88,"column":46}},{"start":{},"end":{}}],"line":88},"14":{"loc":{"start":{"line":92,"column":4},"end":{"line":92,"column":48}},"type":"if","locations":[{"start":{"line":92,"column":4},"end":{"line":92,"column":48}},{"start":{},"end":{}}],"line":92},"15":{"loc":{"start":{"line":95,"column":4},"end":{"line":97,"column":5}},"type":"if","locations":[{"start":{"line":95,"column":4},"end":{"line":97,"column":5}},{"start":{},"end":{}}],"line":95},"16":{"loc":{"start":{"line":99,"column":48},"end":{"line":99,"column":108}},"type":"if","locations":[{"start":{"line":99,"column":48},"end":{"line":99,"column":108}},{"start":{},"end":{}}],"line":99},"17":{"loc":{"start":{"line":99,"column":51},"end":{"line":99,"column":78}},"type":"binary-expr","locations":[{"start":{"line":99,"column":51},"end":{"line":99,"column":64}},{"start":{"line":99,"column":68},"end":{"line":99,"column":78}}],"line":99},"18":{"loc":{"start":{"line":103,"column":4},"end":{"line":124,"column":5}},"type":"if","locations":[{"start":{"line":103,"column":4},"end":{"line":124,"column":5}},{"start":{},"end":{}}],"line":103},"19":{"loc":{"start":{"line":107,"column":12},"end":{"line":107,"column":66}},"type":"if","locations":[{"start":{"line":107,"column":12},"end":{"line":107,"column":66}},{"start":{},"end":{}}],"line":107},"20":{"loc":{"start":{"line":109,"column":12},"end":{"line":121,"column":13}},"type":"if","locations":[{"start":{"line":109,"column":12},"end":{"line":121,"column":13}},{"start":{"line":115,"column":19},"end":{"line":121,"column":13}}],"line":109},"21":{"loc":{"start":{"line":111,"column":16},"end":{"line":114,"column":46}},"type":"if","locations":[{"start":{"line":111,"column":16},"end":{"line":114,"column":46}},{"start":{"line":114,"column":23},"end":{"line":114,"column":46}}],"line":111},"22":{"loc":{"start":{"line":115,"column":19},"end":{"line":121,"column":13}},"type":"if","locations":[{"start":{"line":115,"column":19},"end":{"line":121,"column":13}},{"start":{},"end":{}}],"line":115},"23":{"loc":{"start":{"line":117,"column":16},"end":{"line":120,"column":46}},"type":"if","locations":[{"start":{"line":117,"column":16},"end":{"line":120,"column":46}},{"start":{"line":120,"column":23},"end":{"line":120,"column":46}}],"line":117},"24":{"loc":{"start":{"line":128,"column":4},"end":{"line":132,"column":5}},"type":"if","locations":[{"start":{"line":128,"column":4},"end":{"line":132,"column":5}},{"start":{},"end":{}}],"line":128},"25":{"loc":{"start":{"line":131,"column":86},"end":{"line":131,"column":166}},"type":"if","locations":[{"start":{"line":131,"column":86},"end":{"line":131,"column":166}},{"start":{},"end":{}}],"line":131},"26":{"loc":{"start":{"line":138,"column":4},"end":{"line":138,"column":46}},"type":"if","locations":[{"start":{"line":138,"column":4},"end":{"line":138,"column":46}},{"start":{},"end":{}}],"line":138},"27":{"loc":{"start":{"line":146,"column":8},"end":{"line":146,"column":50}},"type":"if","locations":[{"start":{"line":146,"column":8},"end":{"line":146,"column":50}},{"start":{},"end":{}}],"line":146},"28":{"loc":{"start":{"line":153,"column":4},"end":{"line":153,"column":83}},"type":"if","locations":[{"start":{"line":153,"column":4},"end":{"line":153,"column":83}},{"start":{},"end":{}}],"line":153},"29":{"loc":{"start":{"line":158,"column":4},"end":{"line":158,"column":48}},"type":"if","locations":[{"start":{"line":158,"column":4},"end":{"line":158,"column":48}},{"start":{},"end":{}}],"line":158},"30":{"loc":{"start":{"line":163,"column":8},"end":{"line":166,"column":9}},"type":"if","locations":[{"start":{"line":163,"column":8},"end":{"line":166,"column":9}},{"start":{},"end":{}}],"line":163},"31":{"loc":{"start":{"line":164,"column":12},"end":{"line":165,"column":115}},"type":"if","locations":[{"start":{"line":164,"column":12},"end":{"line":165,"column":115}},{"start":{"line":165,"column":17},"end":{"line":165,"column":115}}],"line":164},"32":{"loc":{"start":{"line":165,"column":80},"end":{"line":165,"column":101}},"type":"binary-expr","locations":[{"start":{"line":165,"column":80},"end":{"line":165,"column":96}},{"start":{"line":165,"column":100},"end":{"line":165,"column":101}}],"line":165},"33":{"loc":{"start":{"line":176,"column":4},"end":{"line":176,"column":71}},"type":"if","locations":[{"start":{"line":176,"column":4},"end":{"line":176,"column":71}},{"start":{},"end":{}}],"line":176},"34":{"loc":{"start":{"line":177,"column":4},"end":{"line":177,"column":73}},"type":"if","locations":[{"start":{"line":177,"column":4},"end":{"line":177,"column":73}},{"start":{},"end":{}}],"line":177},"35":{"loc":{"start":{"line":178,"column":4},"end":{"line":178,"column":139}},"type":"if","locations":[{"start":{"line":178,"column":4},"end":{"line":178,"column":139}},{"start":{},"end":{}}],"line":178},"36":{"loc":{"start":{"line":179,"column":4},"end":{"line":179,"column":119}},"type":"if","locations":[{"start":{"line":179,"column":4},"end":{"line":179,"column":119}},{"start":{},"end":{}}],"line":179},"37":{"loc":{"start":{"line":182,"column":4},"end":{"line":185,"column":5}},"type":"if","locations":[{"start":{"line":182,"column":4},"end":{"line":185,"column":5}},{"start":{},"end":{}}],"line":182},"38":{"loc":{"start":{"line":183,"column":53},"end":{"line":183,"column":101}},"type":"cond-expr","locations":[{"start":{"line":183,"column":64},"end":{"line":183,"column":81}},{"start":{"line":183,"column":84},"end":{"line":183,"column":101}}],"line":183},"39":{"loc":{"start":{"line":184,"column":33},"end":{"line":184,"column":155}},"type":"cond-expr","locations":[{"start":{"line":184,"column":44},"end":{"line":184,"column":93}},{"start":{"line":184,"column":96},"end":{"line":184,"column":155}}],"line":184},"40":{"loc":{"start":{"line":186,"column":4},"end":{"line":186,"column":97}},"type":"if","locations":[{"start":{"line":186,"column":4},"end":{"line":186,"column":97}},{"start":{},"end":{}}],"line":186},"41":{"loc":{"start":{"line":193,"column":0},"end":{"line":213,"column":1}},"type":"if","locations":[{"start":{"line":193,"column":0},"end":{"line":213,"column":1}},{"start":{},"end":{}}],"line":193},"42":{"loc":{"start":{"line":195,"column":4},"end":{"line":212,"column":5}},"type":"if","locations":[{"start":{"line":195,"column":4},"end":{"line":212,"column":5}},{"start":{},"end":{}}],"line":195},"43":{"loc":{"start":{"line":208,"column":22},"end":{"line":208,"column":61}},"type":"cond-expr","locations":[{"start":{"line":208,"column":42},"end":{"line":208,"column":51}},{"start":{"line":208,"column":54},"end":{"line":208,"column":61}}],"line":208},"44":{"loc":{"start":{"line":216,"column":4},"end":{"line":216,"column":48}},"type":"if","locations":[{"start":{"line":216,"column":4},"end":{"line":216,"column":48}},{"start":{},"end":{}}],"line":216},"45":{"loc":{"start":{"line":219,"column":4},"end":{"line":219,"column":23}},"type":"if","locations":[{"start":{"line":219,"column":4},"end":{"line":219,"column":23}},{"start":{},"end":{}}],"line":219},"46":{"loc":{"start":{"line":222,"column":17},"end":{"line":222,"column":123}},"type":"cond-expr","locations":[{"start":{"line":222,"column":59},"end":{"line":222,"column":118}},{"start":{"line":222,"column":121},"end":{"line":222,"column":123}}],"line":222},"47":{"loc":{"start":{"line":223,"column":18},"end":{"line":223,"column":108}},"type":"cond-expr","locations":[{"start":{"line":223,"column":59},"end":{"line":223,"column":103}},{"start":{"line":223,"column":106},"end":{"line":223,"column":108}}],"line":223},"48":{"loc":{"start":{"line":225,"column":34},"end":{"line":225,"column":146}},"type":"binary-expr","locations":[{"start":{"line":225,"column":35},"end":{"line":225,"column":70}},{"start":{"line":225,"column":74},"end":{"line":225,"column":113}},{"start":{"line":225,"column":119},"end":{"line":225,"column":125}},{"start":{"line":225,"column":129},"end":{"line":225,"column":145}}],"line":225},"49":{"loc":{"start":{"line":228,"column":147},"end":{"line":228,"column":199}},"type":"cond-expr","locations":[{"start":{"line":228,"column":192},"end":{"line":228,"column":196}},{"start":{"line":228,"column":197},"end":{"line":228,"column":199}}],"line":228},"50":{"loc":{"start":{"line":228,"column":147},"end":{"line":228,"column":191}},"type":"binary-expr","locations":[{"start":{"line":228,"column":147},"end":{"line":228,"column":167}},{"start":{"line":228,"column":169},"end":{"line":228,"column":191}}],"line":228},"51":{"loc":{"start":{"line":229,"column":31},"end":{"line":229,"column":82}},"type":"cond-expr","locations":[{"start":{"line":229,"column":50},"end":{"line":229,"column":65}},{"start":{"line":229,"column":66},"end":{"line":229,"column":82}}],"line":229},"52":{"loc":{"start":{"line":229,"column":103},"end":{"line":229,"column":129}},"type":"cond-expr","locations":[{"start":{"line":229,"column":122},"end":{"line":229,"column":125}},{"start":{"line":229,"column":126},"end":{"line":229,"column":129}}],"line":229},"53":{"loc":{"start":{"line":235,"column":0},"end":{"line":267,"column":1}},"type":"if","locations":[{"start":{"line":235,"column":0},"end":{"line":267,"column":1}},{"start":{},"end":{}}],"line":235},"54":{"loc":{"start":{"line":237,"column":4},"end":{"line":251,"column":5}},"type":"if","locations":[{"start":{"line":237,"column":4},"end":{"line":251,"column":5}},{"start":{},"end":{}}],"line":237},"55":{"loc":{"start":{"line":240,"column":12},"end":{"line":249,"column":13}},"type":"if","locations":[{"start":{"line":240,"column":12},"end":{"line":249,"column":13}},{"start":{},"end":{}}],"line":240},"56":{"loc":{"start":{"line":254,"column":4},"end":{"line":266,"column":5}},"type":"if","locations":[{"start":{"line":254,"column":4},"end":{"line":266,"column":5}},{"start":{},"end":{}}],"line":254},"57":{"loc":{"start":{"line":270,"column":4},"end":{"line":270,"column":48}},"type":"if","locations":[{"start":{"line":270,"column":4},"end":{"line":270,"column":48}},{"start":{},"end":{}}],"line":270},"58":{"loc":{"start":{"line":273,"column":4},"end":{"line":273,"column":26}},"type":"if","locations":[{"start":{"line":273,"column":4},"end":{"line":273,"column":26}},{"start":{},"end":{}}],"line":273},"59":{"loc":{"start":{"line":279,"column":20},"end":{"line":279,"column":77}},"type":"cond-expr","locations":[{"start":{"line":279,"column":32},"end":{"line":279,"column":40}},{"start":{"line":279,"column":43},"end":{"line":279,"column":77}}],"line":279},"60":{"loc":{"start":{"line":284,"column":4},"end":{"line":284,"column":48}},"type":"if","locations":[{"start":{"line":284,"column":4},"end":{"line":284,"column":48}},{"start":{},"end":{}}],"line":284},"61":{"loc":{"start":{"line":287,"column":4},"end":{"line":287,"column":26}},"type":"if","locations":[{"start":{"line":287,"column":4},"end":{"line":287,"column":26}},{"start":{},"end":{}}],"line":287},"62":{"loc":{"start":{"line":298,"column":4},"end":{"line":303,"column":5}},"type":"if","locations":[{"start":{"line":298,"column":4},"end":{"line":303,"column":5}},{"start":{},"end":{}}],"line":298},"63":{"loc":{"start":{"line":299,"column":8},"end":{"line":301,"column":37}},"type":"if","locations":[{"start":{"line":299,"column":8},"end":{"line":301,"column":37}},{"start":{"line":300,"column":13},"end":{"line":301,"column":37}}],"line":299},"64":{"loc":{"start":{"line":300,"column":13},"end":{"line":301,"column":37}},"type":"if","locations":[{"start":{"line":300,"column":13},"end":{"line":301,"column":37}},{"start":{"line":301,"column":13},"end":{"line":301,"column":37}}],"line":300},"65":{"loc":{"start":{"line":325,"column":4},"end":{"line":328,"column":5}},"type":"if","locations":[{"start":{"line":325,"column":4},"end":{"line":328,"column":5}},{"start":{},"end":{}}],"line":325},"66":{"loc":{"start":{"line":332,"column":4},"end":{"line":335,"column":5}},"type":"if","locations":[{"start":{"line":332,"column":4},"end":{"line":335,"column":5}},{"start":{},"end":{}}],"line":332},"67":{"loc":{"start":{"line":332,"column":7},"end":{"line":332,"column":54}},"type":"binary-expr","locations":[{"start":{"line":332,"column":7},"end":{"line":332,"column":17}},{"start":{"line":332,"column":21},"end":{"line":332,"column":54}}],"line":332},"68":{"loc":{"start":{"line":339,"column":4},"end":{"line":339,"column":48}},"type":"if","locations":[{"start":{"line":339,"column":4},"end":{"line":339,"column":48}},{"start":{},"end":{}}],"line":339},"69":{"loc":{"start":{"line":342,"column":4},"end":{"line":342,"column":69}},"type":"if","locations":[{"start":{"line":342,"column":4},"end":{"line":342,"column":69}},{"start":{},"end":{}}],"line":342},"70":{"loc":{"start":{"line":342,"column":47},"end":{"line":342,"column":68}},"type":"cond-expr","locations":[{"start":{"line":342,"column":59},"end":{"line":342,"column":63}},{"start":{"line":342,"column":64},"end":{"line":342,"column":68}}],"line":342},"71":{"loc":{"start":{"line":346,"column":4},"end":{"line":346,"column":48}},"type":"if","locations":[{"start":{"line":346,"column":4},"end":{"line":346,"column":48}},{"start":{},"end":{}}],"line":346},"72":{"loc":{"start":{"line":349,"column":4},"end":{"line":349,"column":47}},"type":"if","locations":[{"start":{"line":349,"column":4},"end":{"line":349,"column":47}},{"start":{},"end":{}}],"line":349},"73":{"loc":{"start":{"line":352,"column":4},"end":{"line":352,"column":53}},"type":"if","locations":[{"start":{"line":352,"column":4},"end":{"line":352,"column":53}},{"start":{},"end":{}}],"line":352},"74":{"loc":{"start":{"line":356,"column":0},"end":{"line":358,"column":1}},"type":"if","locations":[{"start":{"line":356,"column":0},"end":{"line":358,"column":1}},{"start":{},"end":{}}],"line":356},"75":{"loc":{"start":{"line":363,"column":0},"end":{"line":387,"column":1}},"type":"if","locations":[{"start":{"line":363,"column":0},"end":{"line":387,"column":1}},{"start":{},"end":{}}],"line":363},"76":{"loc":{"start":{"line":363,"column":4},"end":{"line":363,"column":51}},"type":"binary-expr","locations":[{"start":{"line":363,"column":4},"end":{"line":363,"column":33}},{"start":{"line":363,"column":37},"end":{"line":363,"column":51}}],"line":363}},"s":{"0":6,"1":6,"2":14,"3":7,"4":7,"5":6,"6":13,"7":10,"8":6,"9":12,"10":3,"11":8,"12":6,"13":3,"14":3,"15":3,"16":3,"17":3,"18":3,"19":3,"20":3,"21":3,"22":3,"23":3,"24":3,"25":3,"26":3,"27":3,"28":3,"29":3,"30":4,"31":4,"32":4,"33":4,"34":4,"35":6,"36":6,"37":0,"38":6,"39":6,"40":6,"41":0,"42":0,"43":0,"44":0,"45":0,"46":0,"47":0,"48":0,"49":0,"50":0,"51":0,"52":0,"53":0,"54":0,"55":0,"56":0,"57":0,"58":0,"59":0,"60":0,"61":0,"62":0,"63":0,"64":0,"65":0,"66":0,"67":0,"68":0,"69":0,"70":0,"71":0,"72":0,"73":0,"74":0,"75":0,"76":0,"77":0,"78":0,"79":0,"80":0,"81":0,"82":0,"83":0,"84":0,"85":0,"86":0,"87":0,"88":0,"89":0,"90":0,"91":0,"92":0,"93":0,"94":0,"95":0,"96":2,"97":2,"98":0,"99":2,"100":2,"101":2,"102":2,"103":0,"104":0,"105":0,"106":0,"107":0,"108":0,"109":0,"110":0,"111":0,"112":0,"113":0,"114":0,"115":0,"116":0,"117":0,"118":0,"119":0,"120":0,"121":0,"122":0,"123":0,"124":0,"125":0,"126":0,"127":0,"128":0,"129":0,"130":0,"131":0,"132":0,"133":0,"134":0,"135":0,"136":0,"137":0,"138":0,"139":0,"140":0,"141":0,"142":0,"143":0,"144":0,"145":0,"146":0,"147":0,"148":0,"149":0,"150":6,"151":6,"152":6,"153":1,"154":0,"155":0,"156":0,"157":0,"158":0,"159":0,"160":0,"161":0,"162":0,"163":0,"164":0,"165":0,"166":0,"167":0,"168":0,"169":0,"170":0,"171":6,"172":6,"173":6,"174":1,"175":0,"176":0,"177":0,"178":0,"179":0,"180":0,"181":6,"182":6,"183":1,"184":0,"185":0,"186":0,"187":0,"188":0,"189":0,"190":0,"191":0,"192":0,"193":0,"194":0,"195":0,"196":0,"197":0,"198":0,"199":0,"200":0,"201":0,"202":0,"203":0,"204":1,"205":1,"206":1,"207":1,"208":0,"209":0,"210":0,"211":1,"212":0,"213":0,"214":0,"215":0,"216":0,"217":0,"218":0,"219":0,"220":0,"221":0,"222":0,"223":0,"224":0,"225":0,"226":0,"227":0,"228":0,"229":0,"230":0,"231":0,"232":0,"233":0,"234":0,"235":0,"236":0,"237":0,"238":6,"239":0,"240":6,"241":6},"f":{"0":14,"1":13,"2":10,"3":12,"4":3,"5":8,"6":3,"7":4,"8":0,"9":0,"10":0,"11":0,"12":0,"13":0,"14":0,"15":0,"16":0,"17":2,"18":0,"19":0,"20":0,"21":0,"22":0,"23":0,"24":0,"25":0,"26":0,"27":0,"28":0,"29":0,"30":0,"31":0,"32":0,"33":0,"34":1,"35":1,"36":0,"37":0,"38":0,"39":0,"40":0,"41":0,"42":0,"43":0,"44":0,"45":0,"46":0},"b":{"0":[7,7],"1":[2,6],"2":[3,0],"3":[3,0],"4":[3,0],"5":[3,0],"6":[3,0],"7":[4,0],"8":[0,6],"9":[0,0],"10":[0,0],"11":[0,0],"12":[0,0],"13":[0,0],"14":[0,0],"15":[0,0],"16":[0,0],"17":[0,0],"18":[0,0],"19":[0,0],"20":[0,0],"21":[0,0],"22":[0,0],"23":[0,0],"24":[0,0],"25":[0,0],"26":[0,2],"27":[0,0],"28":[0,0],"29":[0,0],"30":[0,0],"31":[0,0],"32":[0,0],"33":[0,0],"34":[0,0],"35":[0,0],"36":[0,0],"37":[0,0],"38":[0,0],"39":[0,0],"40":[0,0],"41":[6,0],"42":[1,5],"43":[0,0],"44":[0,0],"45":[0,0],"46":[0,0],"47":[0,0],"48":[0,0,0,0],"49":[0,0],"50":[0,0],"51":[0,0],"52":[0,0],"53":[6,0],"54":[1,5],"55":[0,0],"56":[1,5],"57":[0,0],"58":[0,0],"59":[0,0],"60":[0,0],"61":[0,0],"62":[1,0],"63":[1,0],"64":[0,0],"65":[0,0],"66":[0,0],"67":[0,0],"68":[0,0],"69":[0,0],"70":[0,0],"71":[0,0],"72":[0,0],"73":[0,0],"74":[0,6],"75":[6,0],"76":[6,6]},"_coverageSchema":"1a1c01bbd47fc00a2c39e90264f33305004495a9","hash":"e26a90a15437cfca51a64b93ed5c13bf6b37aaab"}
}
