TN:
SF:app.js
FN:11,(anonymous_0)
FN:19,(anonymous_1)
FN:20,(anonymous_2)
FN:24,(anonymous_3)
FN:25,(anonymous_4)
FN:26,(anonymous_5)
FN:31,(anonymous_6)
FN:45,(anonymous_7)
FN:77,init
FN:84,(anonymous_9)
FN:91,setupEventListeners
FN:96,(anonymous_11)
FN:99,(anonymous_12)
FN:104,(anonymous_13)
FN:129,(anonymous_14)
FN:130,(anonymous_15)
FN:131,(anonymous_16)
FN:136,saveData
FN:144,(anonymous_18)
FN:150,updateAll
FN:157,updateDashboard
FN:162,(anonymous_21)
FN:178,(anonymous_22)
FN:179,(anonymous_23)
FN:196,(anonymous_24)
FN:215,updateTransactions
FN:225,(anonymous_26)
FN:226,(anonymous_27)
FN:238,(anonymous_28)
FN:255,(anonymous_29)
FN:269,updateDebts
FN:275,(anonymous_31)
FN:283,updateGoals
FN:289,(anonymous_33)
FN:297,deleteItem
FN:299,(anonymous_35)
FN:306,processRecurring
FN:311,drawChart
FN:315,checkAlerts
FN:319,updateSettings
FN:323,toggleSound
FN:331,playSound
FN:334,(anonymous_42)
FN:338,applyTheme
FN:345,showSection
FN:347,(anonymous_45)
FN:350,(anonymous_46)
FNF:47
FNH:11
FNDA:14,(anonymous_0)
FNDA:13,(anonymous_1)
FNDA:10,(anonymous_2)
FNDA:12,(anonymous_3)
FNDA:3,(anonymous_4)
FNDA:8,(anonymous_5)
FNDA:3,(anonymous_6)
FNDA:4,(anonymous_7)
FNDA:0,init
FNDA:0,(anonymous_9)
FNDA:0,setupEventListeners
FNDA:0,(anonymous_11)
FNDA:0,(anonymous_12)
FNDA:0,(anonymous_13)
FNDA:0,(anonymous_14)
FNDA:0,(anonymous_15)
FNDA:0,(anonymous_16)
FNDA:2,saveData
FNDA:0,(anonymous_18)
FNDA:0,updateAll
FNDA:0,updateDashboard
FNDA:0,(anonymous_21)
FNDA:0,(anonymous_22)
FNDA:0,(anonymous_23)
FNDA:0,(anonymous_24)
FNDA:0,updateTransactions
FNDA:0,(anonymous_26)
FNDA:0,(anonymous_27)
FNDA:0,(anonymous_28)
FNDA:0,(anonymous_29)
FNDA:0,updateDebts
FNDA:0,(anonymous_31)
FNDA:0,updateGoals
FNDA:0,(anonymous_33)
FNDA:1,deleteItem
FNDA:1,(anonymous_35)
FNDA:0,processRecurring
FNDA:0,drawChart
FNDA:0,checkAlerts
FNDA:0,updateSettings
FNDA:0,toggleSound
FNDA:0,playSound
FNDA:0,(anonymous_42)
FNDA:0,applyTheme
FNDA:0,showSection
FNDA:0,(anonymous_45)
FNDA:0,(anonymous_46)
DA:4,6
DA:9,6
DA:12,14
DA:13,7
DA:17,6
DA:19,13
DA:20,10
DA:23,6
DA:24,12
DA:25,3
DA:26,8
DA:29,6
DA:32,3
DA:33,3
DA:34,3
DA:35,3
DA:36,3
DA:37,3
DA:39,3
DA:40,3
DA:41,3
DA:42,3
DA:43,3
DA:46,4
DA:47,4
DA:48,4
DA:49,4
DA:56,6
DA:59,6
DA:60,0
DA:67,6
DA:74,6
DA:75,6
DA:78,0
DA:80,0
DA:81,0
DA:82,0
DA:84,0
DA:85,0
DA:86,0
DA:87,0
DA:88,0
DA:92,0
DA:94,0
DA:95,0
DA:96,0
DA:99,0
DA:102,0
DA:103,0
DA:104,0
DA:105,0
DA:106,0
DA:107,0
DA:109,0
DA:110,0
DA:111,0
DA:112,0
DA:114,0
DA:115,0
DA:116,0
DA:117,0
DA:118,0
DA:120,0
DA:122,0
DA:127,0
DA:128,0
DA:129,0
DA:130,0
DA:131,0
DA:137,2
DA:138,2
DA:140,2
DA:141,2
DA:143,2
DA:144,2
DA:145,0
DA:146,0
DA:151,0
DA:152,0
DA:153,0
DA:158,0
DA:160,0
DA:161,0
DA:162,0
DA:163,0
DA:164,0
DA:165,0
DA:169,0
DA:170,0
DA:171,0
DA:172,0
DA:173,0
DA:174,0
DA:176,0
DA:177,0
DA:178,0
DA:179,0
DA:181,0
DA:182,0
DA:183,0
DA:184,0
DA:186,0
DA:188,0
DA:189,0
DA:193,6
DA:194,6
DA:195,6
DA:196,1
DA:197,0
DA:198,0
DA:199,0
DA:208,0
DA:209,0
DA:210,0
DA:216,0
DA:218,0
DA:219,0
DA:221,0
DA:222,0
DA:223,0
DA:225,0
DA:227,0
DA:235,6
DA:236,6
DA:237,6
DA:238,1
DA:239,0
DA:240,0
DA:241,0
DA:246,0
DA:247,0
DA:248,0
DA:253,6
DA:254,6
DA:255,1
DA:256,0
DA:257,0
DA:262,0
DA:263,0
DA:264,0
DA:270,0
DA:272,0
DA:273,0
DA:275,0
DA:276,0
DA:277,0
DA:284,0
DA:286,0
DA:287,0
DA:289,0
DA:290,0
DA:298,1
DA:299,1
DA:300,0
DA:301,0
DA:302,1
DA:308,0
DA:324,0
DA:325,0
DA:326,0
DA:327,0
DA:332,0
DA:333,0
DA:334,0
DA:339,0
DA:340,0
DA:341,0
DA:342,0
DA:346,0
DA:347,0
DA:348,0
DA:349,0
DA:350,0
DA:351,0
DA:352,0
DA:356,6
DA:357,0
DA:363,6
DA:364,6
LF:179
LH:55
BRDA:12,0,0,7
BRDA:12,0,1,7
BRDA:26,1,0,2
BRDA:26,1,1,6
BRDA:39,2,0,3
BRDA:39,2,1,0
BRDA:40,3,0,3
BRDA:40,3,1,0
BRDA:41,4,0,3
BRDA:41,4,1,0
BRDA:42,5,0,3
BRDA:42,5,1,0
BRDA:43,6,0,3
BRDA:43,6,1,0
BRDA:47,7,0,4
BRDA:47,7,1,0
BRDA:59,8,0,0
BRDA:59,8,1,6
BRDA:60,9,0,0
BRDA:60,9,1,0
BRDA:78,10,0,0
BRDA:78,10,1,0
BRDA:82,11,0,0
BRDA:82,11,1,0
BRDA:85,12,0,0
BRDA:85,12,1,0
BRDA:88,13,0,0
BRDA:88,13,1,0
BRDA:92,14,0,0
BRDA:92,14,1,0
BRDA:95,15,0,0
BRDA:95,15,1,0
BRDA:99,16,0,0
BRDA:99,16,1,0
BRDA:99,17,0,0
BRDA:99,17,1,0
BRDA:103,18,0,0
BRDA:103,18,1,0
BRDA:107,19,0,0
BRDA:107,19,1,0
BRDA:109,20,0,0
BRDA:109,20,1,0
BRDA:111,21,0,0
BRDA:111,21,1,0
BRDA:115,22,0,0
BRDA:115,22,1,0
BRDA:117,23,0,0
BRDA:117,23,1,0
BRDA:128,24,0,0
BRDA:128,24,1,0
BRDA:131,25,0,0
BRDA:131,25,1,0
BRDA:138,26,0,0
BRDA:138,26,1,2
BRDA:146,27,0,0
BRDA:146,27,1,0
BRDA:153,28,0,0
BRDA:153,28,1,0
BRDA:158,29,0,0
BRDA:158,29,1,0
BRDA:163,30,0,0
BRDA:163,30,1,0
BRDA:164,31,0,0
BRDA:164,31,1,0
BRDA:165,32,0,0
BRDA:165,32,1,0
BRDA:176,33,0,0
BRDA:176,33,1,0
BRDA:177,34,0,0
BRDA:177,34,1,0
BRDA:178,35,0,0
BRDA:178,35,1,0
BRDA:179,36,0,0
BRDA:179,36,1,0
BRDA:182,37,0,0
BRDA:182,37,1,0
BRDA:183,38,0,0
BRDA:183,38,1,0
BRDA:184,39,0,0
BRDA:184,39,1,0
BRDA:186,40,0,0
BRDA:186,40,1,0
BRDA:193,41,0,6
BRDA:193,41,1,0
BRDA:195,42,0,1
BRDA:195,42,1,5
BRDA:208,43,0,0
BRDA:208,43,1,0
BRDA:216,44,0,0
BRDA:216,44,1,0
BRDA:219,45,0,0
BRDA:219,45,1,0
BRDA:222,46,0,0
BRDA:222,46,1,0
BRDA:223,47,0,0
BRDA:223,47,1,0
BRDA:225,48,0,0
BRDA:225,48,1,0
BRDA:225,48,2,0
BRDA:225,48,3,0
BRDA:228,49,0,0
BRDA:228,49,1,0
BRDA:228,50,0,0
BRDA:228,50,1,0
BRDA:229,51,0,0
BRDA:229,51,1,0
BRDA:229,52,0,0
BRDA:229,52,1,0
BRDA:235,53,0,6
BRDA:235,53,1,0
BRDA:237,54,0,1
BRDA:237,54,1,5
BRDA:240,55,0,0
BRDA:240,55,1,0
BRDA:254,56,0,1
BRDA:254,56,1,5
BRDA:270,57,0,0
BRDA:270,57,1,0
BRDA:273,58,0,0
BRDA:273,58,1,0
BRDA:279,59,0,0
BRDA:279,59,1,0
BRDA:284,60,0,0
BRDA:284,60,1,0
BRDA:287,61,0,0
BRDA:287,61,1,0
BRDA:298,62,0,1
BRDA:298,62,1,0
BRDA:299,63,0,1
BRDA:299,63,1,0
BRDA:300,64,0,0
BRDA:300,64,1,0
BRDA:325,65,0,0
BRDA:325,65,1,0
BRDA:332,66,0,0
BRDA:332,66,1,0
BRDA:332,67,0,0
BRDA:332,67,1,0
BRDA:339,68,0,0
BRDA:339,68,1,0
BRDA:342,69,0,0
BRDA:342,69,1,0
BRDA:342,70,0,0
BRDA:342,70,1,0
BRDA:346,71,0,0
BRDA:346,71,1,0
BRDA:349,72,0,0
BRDA:349,72,1,0
BRDA:352,73,0,0
BRDA:352,73,1,0
BRDA:356,74,0,0
BRDA:356,74,1,6
BRDA:363,75,0,6
BRDA:363,75,1,0
BRDA:363,76,0,6
BRDA:363,76,1,6
BRF:156
BRH:26
end_of_record
